<?xml version="1.0" encoding="UTF-8"?>
<!-- Generated by org.testng.reporters.JUnitXMLReporter -->
<testsuite hostname="Hemant-Vadher" ignored="0" name="Default test" tests="4" failures="0" timestamp="30 Aug 2018 20:09:17 GMT" time="48.501" errors="0">
  <testcase name="createNewContacts" time="5.244" classname="com.crm.tests.ContactsPageTest"/>
  <testcase name="createNewContacts" time="4.889" classname="com.crm.tests.ContactsPageTest"/>
  <testcase name="createNewContacts" time="4.189" classname="com.crm.tests.ContactsPageTest"/>
  <testcase name="createNewContacts" time="5.188" classname="com.crm.tests.ContactsPageTest"/>
</testsuite> <!-- Default test -->
