<?xml version="1.0" encoding="UTF-8"?>
<!-- Generated by org.testng.reporters.JUnitXMLReporter -->
<testsuite hostname="Hemant-Vadher" ignored="0" name="This is Free CRM test" tests="4" failures="0" timestamp="29 Aug 2018 23:18:26 GMT" time="56.884" errors="0">
  <testcase name="selectTest2CheckBoxTest" time="0.324" classname="com.crm.tests.ContactsPageTest"/>
  <testcase name="pageTitleTest" time="0.01" classname="com.crm.tests.LoginPageTest"/>
  <testcase name="verifyContactsLinkTest" time="1.296" classname="com.crm.tests.HomePageTest"/>
  <testcase name="LoginTest" time="8.162" classname="com.crm.tests.LoginPageTest"/>
</testsuite> <!-- This is Free CRM test -->
