<?xml version="1.0" encoding="UTF-8"?>
<testng-results skipped="0" failed="0" ignored="0" total="4" passed="4">
  <reporter-output>
  </reporter-output>
  <suite name="Default suite" duration-ms="48501" started-at="2018-08-30T20:08:28Z" finished-at="2018-08-30T20:09:17Z">
    <groups>
    </groups>
    <test name="Default test" duration-ms="48501" started-at="2018-08-30T20:08:28Z" finished-at="2018-08-30T20:09:17Z">
      <class name="com.crm.tests.ContactsPageTest">
        <test-method status="PASS" signature="setup()[pri:0, instance:com.crm.tests.ContactsPageTest@73e22a3d]" name="setup" is-config="true" duration-ms="10882" started-at="2018-08-31T01:38:29Z" finished-at="2018-08-31T01:38:40Z">
          <reporter-output>
          </reporter-output>
        </test-method> <!-- setup -->
        <test-method status="PASS" signature="createNewContacts(java.lang.String, java.lang.String, java.lang.String, java.lang.String)[pri:2, instance:com.crm.tests.ContactsPageTest@73e22a3d]" name="createNewContacts" duration-ms="5244" started-at="2018-08-31T01:38:40Z" data-provider="getDataFromCRMExcel" finished-at="2018-08-31T01:38:45Z">
          <params>
            <param index="0">
              <value>
                <![CDATA[Mr.]]>
              </value>
            </param>
            <param index="1">
              <value>
                <![CDATA[1.1]]>
              </value>
            </param>
            <param index="2">
              <value>
                <![CDATA[1.2]]>
              </value>
            </param>
            <param index="3">
              <value>
                <![CDATA[1.3]]>
              </value>
            </param>
          </params>
          <reporter-output>
          </reporter-output>
        </test-method> <!-- createNewContacts -->
        <test-method status="PASS" signature="tearDown()[pri:0, instance:com.crm.tests.ContactsPageTest@73e22a3d]" name="tearDown" is-config="true" duration-ms="0" started-at="2018-08-31T01:38:45Z" finished-at="2018-08-31T01:38:45Z">
          <reporter-output>
          </reporter-output>
        </test-method> <!-- tearDown -->
        <test-method status="PASS" signature="setup()[pri:0, instance:com.crm.tests.ContactsPageTest@73e22a3d]" name="setup" is-config="true" duration-ms="5651" started-at="2018-08-31T01:38:45Z" finished-at="2018-08-31T01:38:51Z">
          <reporter-output>
          </reporter-output>
        </test-method> <!-- setup -->
        <test-method status="PASS" signature="createNewContacts(java.lang.String, java.lang.String, java.lang.String, java.lang.String)[pri:2, instance:com.crm.tests.ContactsPageTest@73e22a3d]" name="createNewContacts" duration-ms="4889" started-at="2018-08-31T01:38:51Z" data-provider="getDataFromCRMExcel" finished-at="2018-08-31T01:38:56Z">
          <params>
            <param index="0">
              <value>
                <![CDATA[Mrs.]]>
              </value>
            </param>
            <param index="1">
              <value>
                <![CDATA[2.1]]>
              </value>
            </param>
            <param index="2">
              <value>
                <![CDATA[2.2]]>
              </value>
            </param>
            <param index="3">
              <value>
                <![CDATA[3.3]]>
              </value>
            </param>
          </params>
          <reporter-output>
          </reporter-output>
        </test-method> <!-- createNewContacts -->
        <test-method status="PASS" signature="tearDown()[pri:0, instance:com.crm.tests.ContactsPageTest@73e22a3d]" name="tearDown" is-config="true" duration-ms="0" started-at="2018-08-31T01:38:56Z" finished-at="2018-08-31T01:38:56Z">
          <reporter-output>
          </reporter-output>
        </test-method> <!-- tearDown -->
        <test-method status="PASS" signature="setup()[pri:0, instance:com.crm.tests.ContactsPageTest@73e22a3d]" name="setup" is-config="true" duration-ms="5385" started-at="2018-08-31T01:38:56Z" finished-at="2018-08-31T01:39:01Z">
          <reporter-output>
          </reporter-output>
        </test-method> <!-- setup -->
        <test-method status="PASS" signature="createNewContacts(java.lang.String, java.lang.String, java.lang.String, java.lang.String)[pri:2, instance:com.crm.tests.ContactsPageTest@73e22a3d]" name="createNewContacts" duration-ms="4189" started-at="2018-08-31T01:39:01Z" data-provider="getDataFromCRMExcel" finished-at="2018-08-31T01:39:05Z">
          <params>
            <param index="0">
              <value>
                <![CDATA[Mrs.]]>
              </value>
            </param>
            <param index="1">
              <value>
                <![CDATA[3.1]]>
              </value>
            </param>
            <param index="2">
              <value>
                <![CDATA[3.2]]>
              </value>
            </param>
            <param index="3">
              <value>
                <![CDATA[3.3]]>
              </value>
            </param>
          </params>
          <reporter-output>
          </reporter-output>
        </test-method> <!-- createNewContacts -->
        <test-method status="PASS" signature="tearDown()[pri:0, instance:com.crm.tests.ContactsPageTest@73e22a3d]" name="tearDown" is-config="true" duration-ms="0" started-at="2018-08-31T01:39:05Z" finished-at="2018-08-31T01:39:05Z">
          <reporter-output>
          </reporter-output>
        </test-method> <!-- tearDown -->
        <test-method status="PASS" signature="setup()[pri:0, instance:com.crm.tests.ContactsPageTest@73e22a3d]" name="setup" is-config="true" duration-ms="6127" started-at="2018-08-31T01:39:05Z" finished-at="2018-08-31T01:39:11Z">
          <reporter-output>
          </reporter-output>
        </test-method> <!-- setup -->
        <test-method status="PASS" signature="createNewContacts(java.lang.String, java.lang.String, java.lang.String, java.lang.String)[pri:2, instance:com.crm.tests.ContactsPageTest@73e22a3d]" name="createNewContacts" duration-ms="5188" started-at="2018-08-31T01:39:11Z" data-provider="getDataFromCRMExcel" finished-at="2018-08-31T01:39:17Z">
          <params>
            <param index="0">
              <value>
                <![CDATA[Dr.]]>
              </value>
            </param>
            <param index="1">
              <value>
                <![CDATA[4.1]]>
              </value>
            </param>
            <param index="2">
              <value>
                <![CDATA[4.1]]>
              </value>
            </param>
            <param index="3">
              <value>
                <![CDATA[4.3]]>
              </value>
            </param>
          </params>
          <reporter-output>
          </reporter-output>
        </test-method> <!-- createNewContacts -->
        <test-method status="PASS" signature="tearDown()[pri:0, instance:com.crm.tests.ContactsPageTest@73e22a3d]" name="tearDown" is-config="true" duration-ms="1" started-at="2018-08-31T01:39:17Z" finished-at="2018-08-31T01:39:17Z">
          <reporter-output>
          </reporter-output>
        </test-method> <!-- tearDown -->
      </class> <!-- com.crm.tests.ContactsPageTest -->
    </test> <!-- Default test -->
  </suite> <!-- Default suite -->
</testng-results>
