<?xml version="1.0" encoding="UTF-8"?>
<testng-results skipped="0" failed="0" ignored="0" total="2" passed="2">
  <reporter-output>
  </reporter-output>
  <suite name="Default suite" duration-ms="14974" started-at="2018-09-05T14:25:09Z" finished-at="2018-09-05T14:25:24Z">
    <groups>
    </groups>
    <test name="Default test" duration-ms="14974" started-at="2018-09-05T14:25:09Z" finished-at="2018-09-05T14:25:24Z">
      <class name="com.crm.tests.LoginPageTest">
        <test-method status="PASS" signature="pageTitleTest()[pri:0, instance:com.crm.tests.LoginPageTest@201a4587]" name="pageTitleTest" duration-ms="48" started-at="2018-09-05T14:25:09Z" finished-at="2018-09-05T14:25:09Z">
          <reporter-output>
          </reporter-output>
        </test-method> <!-- pageTitleTest -->
        <test-method status="PASS" signature="LoginTest()[pri:1, instance:com.crm.tests.LoginPageTest@201a4587]" name="LoginTest" duration-ms="14123" started-at="2018-09-05T14:25:09Z" finished-at="2018-09-05T14:25:23Z">
          <reporter-output>
          </reporter-output>
        </test-method> <!-- LoginTest -->
        <test-method status="PASS" signature="tearDown()[pri:0, instance:com.crm.tests.LoginPageTest@201a4587]" name="tearDown" is-config="true" duration-ms="718" started-at="2018-09-05T14:25:23Z" finished-at="2018-09-05T14:25:24Z">
          <reporter-output>
          </reporter-output>
        </test-method> <!-- tearDown -->
      </class> <!-- com.crm.tests.LoginPageTest -->
    </test> <!-- Default test -->
  </suite> <!-- Default suite -->
</testng-results>
